<?xml version="1.0" encoding="UTF-8"?>
<!-- Generated by org.testng.reporters.JUnitReportReporter -->
<testsuite hostname="HP" name="org.myfinance.repository.unit.test.TransactionRepositoryTest" tests="1" failures="0" timestamp="15 Feb 2016 10:20:09 GMT" time="0.324" errors="0">
  <testcase name="test" time="0.324" classname="org.myfinance.repository.unit.test.TransactionRepositoryTest"/>
</testsuite> <!-- org.myfinance.repository.unit.test.TransactionRepositoryTest -->
