<?xml version="1.0" encoding="UTF-8"?>
<!-- Generated by org.testng.reporters.JUnitReportReporter -->
<testsuite hostname="HP" name="org.myfinance.service.unit.test.SummaryServiceTest" tests="2" failures="0" timestamp="15 Feb 2016 10:20:11 GMT" time="0.206" errors="0">
  <testcase name="test" time="0.204" classname="org.myfinance.service.unit.test.SummaryServiceTest"/>
  <testcase name="test2" time="0.002" classname="org.myfinance.service.unit.test.SummaryServiceTest"/>
</testsuite> <!-- org.myfinance.service.unit.test.SummaryServiceTest -->
